<?xml version="1.0" encoding="UTF-8"?>
<testsuite xmlns:xsi="http://www.w3.org/2001/XMLSchema-instance" xsi:noNamespaceSchemaLocation="https://maven.apache.org/surefire/maven-surefire-plugin/xsd/surefire-test-report.xsd" name="ca.skritches.games.AppTest" time="0.02" tests="1" errors="0" skipped="0" failures="0">
  <properties>
    <property name="java.specification.version" value="15"/>
    <property name="sun.jnu.encoding" value="UTF-8"/>
    <property name="java.class.path" value="/home/catRoman/Documents/java/projects/sideScoller/target/test-classes:/home/catRoman/Documents/java/projects/sideScoller/target/classes:/home/catRoman/.m2/repository/org/lwjgl/lwjgl/3.2.3/lwjgl-3.2.3.jar:/home/catRoman/.m2/repository/org/lwjgl/lwjgl-assimp/3.2.3/lwjgl-assimp-3.2.3.jar:/home/catRoman/.m2/repository/org/lwjgl/lwjgl-glfw/3.2.3/lwjgl-glfw-3.2.3.jar:/home/catRoman/.m2/repository/org/lwjgl/lwjgl-nfd/3.2.3/lwjgl-nfd-3.2.3.jar:/home/catRoman/.m2/repository/org/lwjgl/lwjgl-openal/3.2.3/lwjgl-openal-3.2.3.jar:/home/catRoman/.m2/repository/org/lwjgl/lwjgl-opengl/3.2.3/lwjgl-opengl-3.2.3.jar:/home/catRoman/.m2/repository/org/lwjgl/lwjgl-stb/3.2.3/lwjgl-stb-3.2.3.jar:/home/catRoman/.m2/repository/org/lwjgl/lwjgl/3.2.3/lwjgl-3.2.3-natives-linux.jar:/home/catRoman/.m2/repository/org/lwjgl/lwjgl-assimp/3.2.3/lwjgl-assimp-3.2.3-natives-linux.jar:/home/catRoman/.m2/repository/org/lwjgl/lwjgl-glfw/3.2.3/lwjgl-glfw-3.2.3-natives-linux.jar:/home/catRoman/.m2/repository/org/lwjgl/lwjgl-nfd/3.2.3/lwjgl-nfd-3.2.3-natives-linux.jar:/home/catRoman/.m2/repository/org/lwjgl/lwjgl-openal/3.2.3/lwjgl-openal-3.2.3-natives-linux.jar:/home/catRoman/.m2/repository/org/lwjgl/lwjgl-opengl/3.2.3/lwjgl-opengl-3.2.3-natives-linux.jar:/home/catRoman/.m2/repository/org/lwjgl/lwjgl-stb/3.2.3/lwjgl-stb-3.2.3-natives-linux.jar:/home/catRoman/.m2/repository/org/joml/joml/1.10.0/joml-1.10.0.jar:/home/catRoman/.m2/repository/junit/junit/4.11/junit-4.11.jar:/home/catRoman/.m2/repository/org/hamcrest/hamcrest-core/1.3/hamcrest-core-1.3.jar:"/>
    <property name="java.vm.vendor" value="Red Hat, Inc."/>
    <property name="sun.arch.data.model" value="64"/>
    <property name="java.vendor.url" value="https://www.redhat.com/"/>
    <property name="os.name" value="Linux"/>
    <property name="java.vm.specification.version" value="15"/>
    <property name="sun.java.launcher" value="SUN_STANDARD"/>
    <property name="user.country" value="CA"/>
    <property name="sun.boot.library.path" value="/usr/lib/jvm/java-15-openjdk-15.0.2.0.7-0.rolling.fc33.x86_64/lib"/>
    <property name="sun.java.command" value="/home/catRoman/Documents/java/projects/sideScoller/target/surefire/surefirebooter2652082507653093647.jar /home/catRoman/Documents/java/projects/sideScoller/target/surefire 2021-02-26T20-05-21_034-jvmRun1 surefire13524133231023227277tmp surefire_018136987441275470053tmp"/>
    <property name="jdk.debug" value="release"/>
    <property name="surefire.test.class.path" value="/home/catRoman/Documents/java/projects/sideScoller/target/test-classes:/home/catRoman/Documents/java/projects/sideScoller/target/classes:/home/catRoman/.m2/repository/org/lwjgl/lwjgl/3.2.3/lwjgl-3.2.3.jar:/home/catRoman/.m2/repository/org/lwjgl/lwjgl-assimp/3.2.3/lwjgl-assimp-3.2.3.jar:/home/catRoman/.m2/repository/org/lwjgl/lwjgl-glfw/3.2.3/lwjgl-glfw-3.2.3.jar:/home/catRoman/.m2/repository/org/lwjgl/lwjgl-nfd/3.2.3/lwjgl-nfd-3.2.3.jar:/home/catRoman/.m2/repository/org/lwjgl/lwjgl-openal/3.2.3/lwjgl-openal-3.2.3.jar:/home/catRoman/.m2/repository/org/lwjgl/lwjgl-opengl/3.2.3/lwjgl-opengl-3.2.3.jar:/home/catRoman/.m2/repository/org/lwjgl/lwjgl-stb/3.2.3/lwjgl-stb-3.2.3.jar:/home/catRoman/.m2/repository/org/lwjgl/lwjgl/3.2.3/lwjgl-3.2.3-natives-linux.jar:/home/catRoman/.m2/repository/org/lwjgl/lwjgl-assimp/3.2.3/lwjgl-assimp-3.2.3-natives-linux.jar:/home/catRoman/.m2/repository/org/lwjgl/lwjgl-glfw/3.2.3/lwjgl-glfw-3.2.3-natives-linux.jar:/home/catRoman/.m2/repository/org/lwjgl/lwjgl-nfd/3.2.3/lwjgl-nfd-3.2.3-natives-linux.jar:/home/catRoman/.m2/repository/org/lwjgl/lwjgl-openal/3.2.3/lwjgl-openal-3.2.3-natives-linux.jar:/home/catRoman/.m2/repository/org/lwjgl/lwjgl-opengl/3.2.3/lwjgl-opengl-3.2.3-natives-linux.jar:/home/catRoman/.m2/repository/org/lwjgl/lwjgl-stb/3.2.3/lwjgl-stb-3.2.3-natives-linux.jar:/home/catRoman/.m2/repository/org/joml/joml/1.10.0/joml-1.10.0.jar:/home/catRoman/.m2/repository/junit/junit/4.11/junit-4.11.jar:/home/catRoman/.m2/repository/org/hamcrest/hamcrest-core/1.3/hamcrest-core-1.3.jar:"/>
    <property name="sun.cpu.endian" value="little"/>
    <property name="user.home" value="/home/catRoman"/>
    <property name="user.language" value="en"/>
    <property name="java.specification.vendor" value="Oracle Corporation"/>
    <property name="java.version.date" value="2021-01-19"/>
    <property name="java.home" value="/usr/lib/jvm/java-15-openjdk-15.0.2.0.7-0.rolling.fc33.x86_64"/>
    <property name="file.separator" value="/"/>
    <property name="basedir" value="/home/catRoman/Documents/java/projects/sideScoller"/>
    <property name="java.vm.compressedOopsMode" value="Zero based"/>
    <property name="line.separator" value="&#10;"/>
    <property name="java.vm.specification.vendor" value="Oracle Corporation"/>
    <property name="java.specification.name" value="Java Platform API Specification"/>
    <property name="surefire.real.class.path" value="/home/catRoman/Documents/java/projects/sideScoller/target/surefire/surefirebooter2652082507653093647.jar"/>
    <property name="sun.management.compiler" value="HotSpot 64-Bit Tiered Compilers"/>
    <property name="java.runtime.version" value="15.0.2+7"/>
    <property name="user.name" value="catRoman"/>
    <property name="path.separator" value=":"/>
    <property name="os.version" value="5.10.10-200.fc33.x86_64"/>
    <property name="java.runtime.name" value="OpenJDK Runtime Environment"/>
    <property name="file.encoding" value="UTF-8"/>
    <property name="java.vm.name" value="OpenJDK 64-Bit Server VM"/>
    <property name="java.vendor.version" value="20.9"/>
    <property name="localRepository" value="/home/catRoman/.m2/repository"/>
    <property name="java.vendor.url.bug" value="https://bugzilla.redhat.com/enter_bug.cgi?product=Fedora&amp;component=java-latest-openjdk&amp;version=33"/>
    <property name="java.io.tmpdir" value="/tmp"/>
    <property name="java.version" value="15.0.2"/>
    <property name="user.dir" value="/home/catRoman/Documents/java/projects/sideScoller"/>
    <property name="os.arch" value="amd64"/>
    <property name="java.vm.specification.name" value="Java Virtual Machine Specification"/>
    <property name="java.library.path" value="/usr/java/packages/lib:/usr/lib64:/lib64:/lib:/usr/lib"/>
    <property name="java.vm.info" value="mixed mode, sharing"/>
    <property name="java.vendor" value="Red Hat, Inc."/>
    <property name="java.vm.version" value="15.0.2+7"/>
    <property name="sun.io.unicode.encoding" value="UnicodeLittle"/>
    <property name="java.class.version" value="59.0"/>
  </properties>
  <testcase name="shouldAnswerWithTrue" classname="ca.skritches.games.AppTest" time="0.001"/>
</testsuite>